<?xml version="1.0" encoding="UTF-8"?>
<testsuite name="com.RestApi.example.RestApiSample.RestApiSampleApplicationTests" tests="1" skipped="0" failures="0" errors="0" timestamp="2025-12-05T02:57:43.416Z" hostname="DEV-KHSHIN" time="0.419">
  <properties/>
  <testcase name="contextLoads()" classname="com.RestApi.example.RestApiSample.RestApiSampleApplicationTests" time="0.419"/>
  <system-out><![CDATA[11:57:36.511 [Test worker] INFO org.springframework.test.context.support.AnnotationConfigContextLoaderUtils -- Could not detect default configuration classes for test class [com.RestApi.example.RestApiSample.RestApiSampleApplicationTests]: RestApiSampleApplicationTests does not declare any static, non-private, non-final, nested classes annotated with @Configuration.
11:57:36.630 [Test worker] INFO org.springframework.boot.test.context.SpringBootTestContextBootstrapper -- Found @SpringBootConfiguration com.RestApi.example.RestApiSample.RestApiSampleApplication for test class com.RestApi.example.RestApiSample.RestApiSampleApplicationTests

  .   ____          _            __ _ _
 /\\ / ___'_ __ _ _(_)_ __  __ _ \ \ \ \
( ( )\___ | '_ | '_| | '_ \/ _` | \ \ \ \
 \\/  ___)| |_)| | | | | || (_| |  ) ) ) )
  '  |____| .__|_| |_|_| |_\__, | / / / /
 =========|_|==============|___/=/_/_/_/

 :: Spring Boot ::                (v4.0.0)

2025-12-05T11:57:37.023+09:00  INFO 144064 --- [RestApiSample] [    Test worker] c.R.e.R.RestApiSampleApplicationTests    : Starting RestApiSampleApplicationTests using Java 21.0.9 with PID 144064 (started by kibbang in /home/kibbang/study/RestApiSample/RestApiSample)
2025-12-05T11:57:37.025+09:00  INFO 144064 --- [RestApiSample] [    Test worker] c.R.e.R.RestApiSampleApplicationTests    : No active profile set, falling back to 1 default profile: "default"
2025-12-05T11:57:37.890+09:00  INFO 144064 --- [RestApiSample] [    Test worker] .s.d.r.c.RepositoryConfigurationDelegate : Bootstrapping Spring Data JPA repositories in DEFAULT mode.
2025-12-05T11:57:40.422+09:00  INFO 144064 --- [RestApiSample] [    Test worker] .s.d.r.c.RepositoryConfigurationDelegate : Finished Spring Data repository scanning in 65 ms. Found 1 JPA repository interface.
2025-12-05T11:57:40.849+09:00  INFO 144064 --- [RestApiSample] [    Test worker] o.hibernate.jpa.internal.util.LogHelper  : HHH000204: Processing PersistenceUnitInfo [name: default]
2025-12-05T11:57:40.908+09:00  INFO 144064 --- [RestApiSample] [    Test worker] org.hibernate.Version                    : HHH000412: Hibernate ORM core version 7.1.8.Final
2025-12-05T11:57:41.457+09:00  INFO 144064 --- [RestApiSample] [    Test worker] o.s.o.j.p.SpringPersistenceUnitInfo      : No LoadTimeWeaver setup: ignoring JPA class transformer
2025-12-05T11:57:41.504+09:00  INFO 144064 --- [RestApiSample] [    Test worker] com.zaxxer.hikari.HikariDataSource       : HikariPool-1 - Starting...
2025-12-05T11:57:41.666+09:00  INFO 144064 --- [RestApiSample] [    Test worker] com.zaxxer.hikari.pool.HikariPool        : HikariPool-1 - Added connection conn0: url=jdbc:h2:mem:testdb user=SA
2025-12-05T11:57:41.669+09:00  INFO 144064 --- [RestApiSample] [    Test worker] com.zaxxer.hikari.HikariDataSource       : HikariPool-1 - Start completed.
2025-12-05T11:57:41.727+09:00  INFO 144064 --- [RestApiSample] [    Test worker] org.hibernate.orm.connections.pooling    : HHH10001005: Database info:
	Database JDBC URL [jdbc:h2:mem:testdb]
	Database driver: H2 JDBC Driver
	Database dialect: H2Dialect
	Database version: 2.4.240
	Default catalog/schema: TESTDB/PUBLIC
	Autocommit mode: undefined/unknown
	Isolation level: READ_COMMITTED [default READ_COMMITTED]
	JDBC fetch size: 100
	Pool: DatasourceConnectionProviderImpl
	Minimum pool size: undefined/unknown
	Maximum pool size: undefined/unknown
2025-12-05T11:57:42.519+09:00  INFO 144064 --- [RestApiSample] [    Test worker] o.h.e.t.j.p.i.JtaPlatformInitiator       : HHH000489: No JTA platform available (set 'hibernate.transaction.jta.platform' to enable JTA platform integration)
Hibernate: 
    create table coffee (
        id varchar(255) not null,
        name varchar(255),
        primary key (id)
    )
2025-12-05T11:57:42.578+09:00  INFO 144064 --- [RestApiSample] [    Test worker] j.LocalContainerEntityManagerFactoryBean : Initialized JPA EntityManagerFactory for persistence unit 'default'
2025-12-05T11:57:42.672+09:00  INFO 144064 --- [RestApiSample] [    Test worker] o.s.d.j.r.query.QueryEnhancerFactories   : Hibernate is in classpath; If applicable, HQL parser will be used.
Hibernate: 
    select
        c1_0.id,
        c1_0.name 
    from
        coffee c1_0 
    where
        c1_0.id=?
Hibernate: 
    select
        c1_0.id,
        c1_0.name 
    from
        coffee c1_0 
    where
        c1_0.id=?
Hibernate: 
    select
        c1_0.id,
        c1_0.name 
    from
        coffee c1_0 
    where
        c1_0.id=?
Hibernate: 
    insert 
    into
        coffee
        (name, id) 
    values
        (?, ?)
Hibernate: 
    insert 
    into
        coffee
        (name, id) 
    values
        (?, ?)
Hibernate: 
    insert 
    into
        coffee
        (name, id) 
    values
        (?, ?)
2025-12-05T11:57:43.011+09:00  WARN 144064 --- [RestApiSample] [    Test worker] JpaBaseConfiguration$JpaWebConfiguration : spring.jpa.open-in-view is enabled by default. Therefore, database queries may be performed during view rendering. Explicitly configure spring.jpa.open-in-view to disable this warning
2025-12-05T11:57:43.405+09:00  INFO 144064 --- [RestApiSample] [    Test worker] c.R.e.R.RestApiSampleApplicationTests    : Started RestApiSampleApplicationTests in 6.617 seconds (process running for 5.514)
]]></system-out>
  <system-err><![CDATA[Mockito is currently self-attaching to enable the inline-mock-maker. This will no longer work in future releases of the JDK. Please add Mockito as an agent to your build as described in Mockito's documentation: https://javadoc.io/doc/org.mockito/mockito-core/latest/org.mockito/org/mockito/Mockito.html#0.3
WARNING: A Java agent has been loaded dynamically (/home/kibbang/.gradle/caches/modules-2/files-2.1/net.bytebuddy/byte-buddy-agent/1.17.8/f09415827a71be7ed621c7bd02550678f28bc81c/byte-buddy-agent-1.17.8.jar)
WARNING: If a serviceability tool is in use, please run with -XX:+EnableDynamicAgentLoading to hide this warning
WARNING: If a serviceability tool is not in use, please run with -Djdk.instrument.traceUsage for more information
WARNING: Dynamic loading of agents will be disallowed by default in a future release
]]></system-err>
</testsuite>
